<?xml version="1.0" encoding="UTF-8"?>
<testsuites>
    <testsuite name="force.apex" timestamp="2019-02-12T10:32:14+05:45" hostname="https://ap8.salesforce.com" tests="1" failures="1"  errors="0"  time="0.06">
        <properties>
            <property name="outcome" value="Failed"/>
            <property name="testsRan" value="1"/>
            <property name="passing" value="0"/>
            <property name="failing" value="1"/>
            <property name="skipped" value="0"/>
            <property name="passRate" value="0%"/>
            <property name="failRate" value="100%"/>
            <property name="testStartTime" value="Feb 12, 2019 10:32 AM"/>
            <property name="testExecutionTime" value="0.06 s"/>
            <property name="testTotalTime" value="0.06 s"/>
            <property name="commandTime" value="24.26 s"/>
            <property name="hostname" value="https://ap8.salesforce.com"/>
            <property name="orgId" value="00D0o0000017fTLEAY"/>
            <property name="username" value="pitambar@javra.com"/>
            <property name="testRunId" value="7070o0000BSwj1L"/>
            <property name="userId" value="0050o00000W63OuAAJ"/>
        </properties>
        <testcase name="updateLead" classname="HelloWorldTest" time="0.06">
            <failure message="System.DmlException: Insert failed. First exception on row 0; first error: REQUIRED_FIELD_MISSING, Required fields are missing: [Company]: [Company]"><![CDATA[Class.HelloWorldTest.updateLead: line 9, column 1]]></failure>
        </testcase>
    </testsuite>
</testsuites>
